Arguments: 
  P:\Program Files\nodejs\node.exe P:\Program Files (x86)\Yarn\bin\yarn.js gulp

PATH: 
  C:\Users\pavel\bin;P:\Program Files\Git\mingw64\bin;P:\Program Files\Git\usr\local\bin;P:\Program Files\Git\usr\bin;P:\Program Files\Git\usr\bin;P:\Program Files\Git\mingw64\bin;P:\Program Files\Git\usr\bin;C:\Users\pavel\bin;C:\ProgramData\Oracle\Java\javapath;C:\WINDOWS\system32;C:\WINDOWS;C:\WINDOWS\System32\Wbem;C:\WINDOWS\System32\WindowsPowerShell\v1.0;P:\Program Files\Git\cmd;P:\Program Files\PuTTY;C:\Program Files (x86)\NVIDIA Corporation\PhysX\Common;C:\WINDOWS\system32;C:\WINDOWS;C:\WINDOWS\System32\Wbem;C:\WINDOWS\System32\WindowsPowerShell\v1.0;P:\Program Files\nodejs;P:\Program Files (x86)\Yarn\bin;D:\WEB\OpenServer\modules\php\PHP-5.6-x64;C:\ProgramData\ComposerSetup\bin;C:\Users\pavel\AppData\Local\Microsoft\WindowsApps;C:\Users\pavel\AppData\Local\Microsoft\WindowsApps;C:\Users\pavel\AppData\Roaming\npm;C:\Users\pavel\AppData\Local\Yarn\bin;C:\Users\pavel\AppData\Roaming\Composer\vendor\bin;P:\Program Files\Git\usr\bin\vendor_perl;P:\Program Files\Git\usr\bin\core_perl

Yarn version: 
  1.5.1

Node version: 
  8.9.4

Platform: 
  win32 x64

npm manifest: 
  {
    "name": "easyGulp",
    "version": "1.0.0",
    "description": "ease fronend development",
    "main": "index.js",
    "repository": "https://github.com/Pavlicheck/easyGulp.git",
    "author": "Pavlicheck",
    "license": "MIT"
  }

yarn manifest: 
  No manifest

Lockfile: 
  No lockfile

Trace: 
  Error: Command "gulp" not found.
      at new MessageError (P:\Program Files (x86)\Yarn\lib\cli.js:186:110)
      at P:\Program Files (x86)\Yarn\lib\cli.js:87307:17
      at Generator.next (<anonymous>)
      at step (P:\Program Files (x86)\Yarn\lib\cli.js:98:30)
      at P:\Program Files (x86)\Yarn\lib\cli.js:116:14
      at new Promise (<anonymous>)
      at new F (P:\Program Files (x86)\Yarn\lib\cli.js:23451:28)
      at P:\Program Files (x86)\Yarn\lib\cli.js:95:12
      at runCommand (P:\Program Files (x86)\Yarn\lib\cli.js:87312:22)
      at Object.<anonymous> (P:\Program Files (x86)\Yarn\lib\cli.js:87412:14)
